[debug] [2026-02-09T16:06:03.847Z] ----------------------------------------------------------------------
[debug] [2026-02-09T16:06:03.850Z] Command:       C:\Program Files\nodejs\node.exe C:\Users\17447\AppData\Roaming\npm\node_modules\firebase-tools\lib\bin\firebase.js init hosting
[debug] [2026-02-09T16:06:03.850Z] CLI Version:   14.23.0
[debug] [2026-02-09T16:06:03.850Z] Platform:      win32
[debug] [2026-02-09T16:06:03.850Z] Node Version:  v22.14.0
[debug] [2026-02-09T16:06:03.851Z] Time:          Mon Feb 09 2026 13:06:03 GMT-0300 (Horário Padrão de Brasília)
[debug] [2026-02-09T16:06:03.851Z] ----------------------------------------------------------------------
[debug] 
[debug] [2026-02-09T16:06:03.853Z] >>> [apiv2][query] GET https://firebase-public.firebaseio.com/cli.json [none]
[info] 
     ######## #### ########  ######## ########     ###     ######  ########
     ##        ##  ##     ## ##       ##     ##  ##   ##  ##       ##
     ######    ##  ########  ######   ########  #########  ######  ######
     ##        ##  ##    ##  ##       ##     ## ##     ##       ## ##
     ##       #### ##     ## ######## ########  ##     ##  ######  ########

You're about to initialize a Firebase project in this directory:

  C:\Users\17447\Desktop\REDFRONTIER SISTEM\panel-admin

[debug] [2026-02-09T16:06:04.228Z] <<< [apiv2][status] GET https://firebase-public.firebaseio.com/cli.json 200
[debug] [2026-02-09T16:06:04.228Z] <<< [apiv2][body] GET https://firebase-public.firebaseio.com/cli.json {"cloudBuildErrorAfter":1594252800000,"cloudBuildWarnAfter":1590019200000,"defaultNode10After":1594252800000,"minVersion":"3.0.5","node8DeploysDisabledAfter":1613390400000,"node8RuntimeDisabledAfter":1615809600000,"node8WarnAfter":1600128000000}
[info] 
=== Project Setup
[info] 
[info] First, let's associate this project directory with a Firebase project.
[info] You can create multiple project aliases by running firebase use --add, 
[info] 
[debug] [2026-02-09T16:06:53.599Z] > command requires scopes: ["email","openid","https://www.googleapis.com/auth/cloudplatformprojects.readonly","https://www.googleapis.com/auth/firebase","https://www.googleapis.com/auth/cloud-platform"]
[debug] [2026-02-09T16:06:53.599Z] > authorizing via signed-in user (fernandesribe04@gmail.com)
[debug] [2026-02-09T16:06:53.600Z] Checked if tokens are valid: false, expires at: 1764363633312
[debug] [2026-02-09T16:06:53.600Z] Checked if tokens are valid: false, expires at: 1764363633312
[debug] [2026-02-09T16:06:53.600Z] > refreshing access token with scopes: []
[debug] [2026-02-09T16:06:53.601Z] >>> [apiv2][query] POST https://www.googleapis.com/oauth2/v3/token [none]
[debug] [2026-02-09T16:06:53.601Z] >>> [apiv2][body] POST https://www.googleapis.com/oauth2/v3/token [omitted]
[debug] [2026-02-09T16:06:53.776Z] <<< [apiv2][status] POST https://www.googleapis.com/oauth2/v3/token 200
[debug] [2026-02-09T16:06:53.776Z] <<< [apiv2][body] POST https://www.googleapis.com/oauth2/v3/token [omitted]
[debug] [2026-02-09T16:06:53.782Z] >>> [apiv2][query] GET https://firebase.googleapis.com/v1beta1/projects pageSize=100
[debug] [2026-02-09T16:06:54.646Z] <<< [apiv2][status] GET https://firebase.googleapis.com/v1beta1/projects 200
[debug] [2026-02-09T16:06:54.646Z] <<< [apiv2][body] GET https://firebase.googleapis.com/v1beta1/projects [omitted]
[info] 
=== Hosting Setup
[debug] [2026-02-09T16:07:07.584Z] Checked if tokens are valid: true, expires at: 1770656812777
[debug] [2026-02-09T16:07:07.584Z] Checked if tokens are valid: true, expires at: 1770656812777
[debug] [2026-02-09T16:07:07.584Z] >>> [apiv2][query] GET https://firebase.googleapis.com/v1beta1/projects/do-sistema-de-reserva-sala [none]
[debug] [2026-02-09T16:07:08.030Z] <<< [apiv2][status] GET https://firebase.googleapis.com/v1beta1/projects/do-sistema-de-reserva-sala 200
[debug] [2026-02-09T16:07:08.030Z] <<< [apiv2][body] GET https://firebase.googleapis.com/v1beta1/projects/do-sistema-de-reserva-sala {"projectId":"do-sistema-de-reserva-sala","projectNumber":"562006496984","displayName":"do Sistema de Reserva Sala","name":"projects/do-sistema-de-reserva-sala","resources":{"hostingSite":"do-sistema-de-reserva-sala"},"state":"ACTIVE","etag":"1_59d8757e-5656-4825-9dbf-877977502b2d"}
[info] 
[info] Your public directory is the folder (relative to your project directory) that
[info] will contain Hosting assets to be uploaded with firebase deploy. If you
[info] have a build process for your assets, use your build's output directory.
[info] 
[info] 
[info] i  Didn't detect a .git folder. Assuming C:\Users\17447\Desktop\REDFRONTIER SISTEM\panel-admin is the project root. 
[info] i  Authorizing with GitHub to upload your service account to a GitHub repository's secrets store. 
[info] 
[info] Visit this URL on this device to log in:
[info] https://github.com/login/oauth/authorize?client_id=89cf50f02ac6aaed3484&state=962706677&redirect_uri=http%3A%2F%2Flocalhost%3A9005&scope=read%3Auser%20repo%20public_repo
[info] 
[info] Waiting for authentication...
[debug] [2026-02-09T16:12:50.641Z] ----------------------------------------------------------------------
[debug] [2026-02-09T16:12:50.643Z] Command:       C:\Program Files\nodejs\node.exe C:\Users\17447\AppData\Roaming\npm\node_modules\firebase-tools\lib\bin\firebase.js init hosting
[debug] [2026-02-09T16:12:50.643Z] CLI Version:   14.23.0
[debug] [2026-02-09T16:12:50.643Z] Platform:      win32
[debug] [2026-02-09T16:12:50.644Z] Node Version:  v22.14.0
[debug] [2026-02-09T16:12:50.644Z] Time:          Mon Feb 09 2026 13:12:50 GMT-0300 (Horário Padrão de Brasília)
[debug] [2026-02-09T16:12:50.644Z] ----------------------------------------------------------------------
[debug] 
[info] 
     ######## #### ########  ######## ########     ###     ######  ########
     ##        ##  ##     ## ##       ##     ##  ##   ##  ##       ##
     ######    ##  ########  ######   ########  #########  ######  ######
     ##        ##  ##    ##  ##       ##     ## ##     ##       ## ##
     ##       #### ##     ## ######## ########  ##     ##  ######  ########

You're about to initialize a Firebase project in this directory:

  C:\Users\17447\Desktop\REDFRONTIER SISTEM\panel-admin

[info] 
=== Project Setup
[info] 
[info] First, let's associate this project directory with a Firebase project.
[info] You can create multiple project aliases by running firebase use --add, 
[info] 
[debug] [2026-02-09T16:12:59.418Z] > command requires scopes: ["email","openid","https://www.googleapis.com/auth/cloudplatformprojects.readonly","https://www.googleapis.com/auth/firebase","https://www.googleapis.com/auth/cloud-platform"]
[debug] [2026-02-09T16:12:59.418Z] > authorizing via signed-in user (fernandesribe04@gmail.com)
[debug] [2026-02-09T16:12:59.419Z] Checked if tokens are valid: true, expires at: 1770656812777
[debug] [2026-02-09T16:12:59.420Z] Checked if tokens are valid: true, expires at: 1770656812777
[debug] [2026-02-09T16:12:59.421Z] >>> [apiv2][query] GET https://firebase.googleapis.com/v1beta1/projects/do-sistema-de-reserva-sala [none]
[debug] [2026-02-09T16:12:59.917Z] <<< [apiv2][status] GET https://firebase.googleapis.com/v1beta1/projects/do-sistema-de-reserva-sala 200
[debug] [2026-02-09T16:12:59.917Z] <<< [apiv2][body] GET https://firebase.googleapis.com/v1beta1/projects/do-sistema-de-reserva-sala {"projectId":"do-sistema-de-reserva-sala","projectNumber":"562006496984","displayName":"do Sistema de Reserva Sala","name":"projects/do-sistema-de-reserva-sala","resources":{"hostingSite":"do-sistema-de-reserva-sala"},"state":"ACTIVE","etag":"1_59d8757e-5656-4825-9dbf-877977502b2d"}
[info] i  Using project do-sistema-de-reserva-sala (do Sistema de Reserva Sala) . 
[info] 
=== Hosting Setup
[debug] [2026-02-09T16:12:59.924Z] Checked if tokens are valid: true, expires at: 1770656812777
[debug] [2026-02-09T16:12:59.924Z] Checked if tokens are valid: true, expires at: 1770656812777
[debug] [2026-02-09T16:12:59.925Z] >>> [apiv2][query] GET https://firebase.googleapis.com/v1beta1/projects/do-sistema-de-reserva-sala [none]
[debug] [2026-02-09T16:13:00.259Z] <<< [apiv2][status] GET https://firebase.googleapis.com/v1beta1/projects/do-sistema-de-reserva-sala 200
[debug] [2026-02-09T16:13:00.259Z] <<< [apiv2][body] GET https://firebase.googleapis.com/v1beta1/projects/do-sistema-de-reserva-sala {"projectId":"do-sistema-de-reserva-sala","projectNumber":"562006496984","displayName":"do Sistema de Reserva Sala","name":"projects/do-sistema-de-reserva-sala","resources":{"hostingSite":"do-sistema-de-reserva-sala"},"state":"ACTIVE","etag":"1_59d8757e-5656-4825-9dbf-877977502b2d"}
[info] 
[info] Your public directory is the folder (relative to your project directory) that
[info] will contain Hosting assets to be uploaded with firebase deploy. If you
[info] have a build process for your assets, use your build's output directory.
[info] 
[info] 
[info] i  Didn't detect a .git folder. Assuming C:\Users\17447\Desktop\REDFRONTIER SISTEM\panel-admin is the project root. 
[info] i  Authorizing with GitHub to upload your service account to a GitHub repository's secrets store. 
[info] 
[info] Visit this URL on this device to log in:
[info] https://github.com/login/oauth/authorize?client_id=89cf50f02ac6aaed3484&state=815591297&redirect_uri=http%3A%2F%2Flocalhost%3A9005&scope=read%3Auser%20repo%20public_repo
[info] 
[info] Waiting for authentication...
